  [1m[36m (1.2ms)[0m  [1mCREATE TABLE "schema_migrations" ("version" varchar NOT NULL) [0m
  [1m[35m (0.0ms)[0m  select sqlite_version(*)
  [1m[36m (1.0ms)[0m  [1mCREATE UNIQUE INDEX "unique_schema_migrations" ON "schema_migrations" ("version")[0m
  [1m[35mActiveRecord::SchemaMigration Load (0.1ms)[0m  SELECT "schema_migrations".* FROM "schema_migrations"
  [1m[36mActiveRecord::SchemaMigration Load (0.1ms)[0m  [1mSELECT "schema_migrations".* FROM "schema_migrations"[0m
Migrating to CreatePosts (20151230232412)
  [1m[35m (0.1ms)[0m  begin transaction
  [1m[36m (0.4ms)[0m  [1mCREATE TABLE "posts" ("id" INTEGER PRIMARY KEY AUTOINCREMENT NOT NULL, "title" varchar, "description" text, "created_at" datetime NOT NULL, "updated_at" datetime NOT NULL) [0m
  [1m[35mSQL (0.2ms)[0m  INSERT INTO "schema_migrations" ("version") VALUES (?)  [["version", "20151230232412"]]
  [1m[36m (1.3ms)[0m  [1mcommit transaction[0m
  [1m[35mActiveRecord::SchemaMigration Load (0.1ms)[0m  SELECT "schema_migrations".* FROM "schema_migrations"


Started GET "/posts/new" for ::1 at 2015-12-31 13:44:56 -0600
  [1m[36mActiveRecord::SchemaMigration Load (0.1ms)[0m  [1mSELECT "schema_migrations".* FROM "schema_migrations"[0m
Processing by PostsController#new as HTML
  Rendered posts/new.html.erb within layouts/application (2.1ms)
Completed 200 OK in 347ms (Views: 326.8ms | ActiveRecord: 0.2ms)


Started GET "/assets/application.self-e80e8f2318043e8af94dddc2adad5a4f09739a8ebb323b3ab31cd71d45fd9113.css?body=1" for ::1 at 2015-12-31 13:44:57 -0600


Started GET "/assets/application.self-3b8dabdc891efe46b9a144b400ad69e37d7e5876bdc39dee783419a69d7ca819.js?body=1" for ::1 at 2015-12-31 13:44:57 -0600


Started POST "/posts" for ::1 at 2015-12-31 13:45:03 -0600
Processing by PostsController#create as HTML
  Parameters: {"utf8"=>"✓", "authenticity_token"=>"mFCuNJP5reOW19phdr4zXRLzOMo4NZQ3wneiVR+RO/+owIoDiOxh24iHKkZ7DGazxbSIoRmvIOmJgA4gog1sGg==", "title"=>"Rails Introduction Quiz", "description"=>"asdfasdf", "commit"=>"Submit Post"}
  [1m[35m (0.1ms)[0m  begin transaction
  [1m[36mSQL (0.4ms)[0m  [1mINSERT INTO "posts" ("title", "description", "created_at", "updated_at") VALUES (?, ?, ?, ?)[0m  [["title", "Rails Introduction Quiz"], ["description", "asdfasdf"], ["created_at", "2015-12-31 19:45:03.614973"], ["updated_at", "2015-12-31 19:45:03.614973"]]
  [1m[35m (1.2ms)[0m  commit transaction
Redirected to http://localhost:3000/posts/1
Completed 302 Found in 22ms (ActiveRecord: 1.7ms)


Started GET "/posts/1" for ::1 at 2015-12-31 13:45:03 -0600
Processing by PostsController#show as HTML
  Parameters: {"id"=>"1"}
  [1m[36mPost Load (0.2ms)[0m  [1mSELECT  "posts".* FROM "posts" WHERE "posts"."id" = ? LIMIT 1[0m  [["id", 1]]
  Rendered posts/show.html.erb within layouts/application (0.4ms)
Completed 200 OK in 27ms (Views: 10.4ms | ActiveRecord: 0.2ms)
  [1m[35m (0.1ms)[0m  [1m[36mbegin transaction[0m
  [1m[35mSQL (1.6ms)[0m  [1m[32mINSERT INTO "posts" ("title", "description", "created_at", "updated_at") VALUES (?, ?, ?, ?)[0m  [["title", "Title here"], ["description", "Desc here"], ["created_at", "2019-06-30 18:37:27.822892"], ["updated_at", "2019-06-30 18:37:27.822892"]]
  [1m[35m (2.1ms)[0m  [1m[36mcommit transaction[0m
  [1m[36mPost Load (0.6ms)[0m  [1m[34mSELECT "posts".* FROM "posts"[0m
Started GET "/" for ::1 at 2019-06-30 19:43:37 +0100
  [1m[36mActiveRecord::SchemaMigration Load (0.2ms)[0m  [1m[34mSELECT "schema_migrations".* FROM "schema_migrations"[0m
Processing by Rails::WelcomeController#index as HTML
  Parameters: {"internal"=>true}
  Rendering /Users/amyquinn/.rvm/gems/ruby-2.6.1/gems/railties-5.0.7.2/lib/rails/templates/rails/welcome/index.html.erb
  Rendered /Users/amyquinn/.rvm/gems/ruby-2.6.1/gems/railties-5.0.7.2/lib/rails/templates/rails/welcome/index.html.erb (4.5ms)
Completed 200 OK in 41ms (Views: 16.9ms | ActiveRecord: 0.0ms)


Started GET "/posts/new" for ::1 at 2019-06-30 19:43:46 +0100
Processing by PostsController#new as HTML
  Rendering posts/new.html.erb within layouts/application
  Rendered posts/new.html.erb within layouts/application (8.9ms)
Completed 200 OK in 584ms (Views: 563.0ms | ActiveRecord: 0.7ms)


Started POST "/posts" for ::1 at 2019-06-30 19:43:52 +0100
Processing by PostsController#create as HTML
  Parameters: {"utf8"=>"✓", "authenticity_token"=>"GEd7+dui4N0gfaB0izYn9rnqkiQObZiEa2CVRu9QRSN5slUoJxKVvRE+jd64YxRKd6/Gb3EzbsGn53tyBetp4Q==", "title"=>"new title", "description"=>"new ds", "commit"=>"Submit Post"}
  [1m[35m (0.1ms)[0m  [1m[36mbegin transaction[0m
  [1m[35mSQL (6.2ms)[0m  [1m[32mINSERT INTO "posts" ("title", "description", "created_at", "updated_at") VALUES (?, ?, ?, ?)[0m  [["title", "new title"], ["description", "new ds"], ["created_at", "2019-06-30 18:43:52.765283"], ["updated_at", "2019-06-30 18:43:52.765283"]]
  [1m[35m (2.4ms)[0m  [1m[36mcommit transaction[0m
No template found for PostsController#create, rendering head :no_content
Completed 204 No Content in 69ms (ActiveRecord: 8.7ms)


  [1m[36mPost Load (3.4ms)[0m  [1m[34mSELECT "posts".* FROM "posts"[0m
Started GET "/posts" for ::1 at 2019-06-30 19:45:46 +0100
  [1m[36mActiveRecord::SchemaMigration Load (0.1ms)[0m  [1m[34mSELECT "schema_migrations".* FROM "schema_migrations"[0m
Processing by PostsController#index as HTML
  Rendering posts/index.html.erb within layouts/application
  [1m[36mPost Load (0.2ms)[0m  [1m[34mSELECT "posts".* FROM "posts"[0m
  Rendered posts/index.html.erb within layouts/application (12.0ms)
Completed 200 OK in 408ms (Views: 393.3ms | ActiveRecord: 0.6ms)


Started GET "/posts/new" for ::1 at 2019-06-30 19:45:51 +0100
Processing by PostsController#new as HTML
  Rendering posts/new.html.erb within layouts/application
  Rendered posts/new.html.erb within layouts/application (2.4ms)
Completed 200 OK in 98ms (Views: 94.3ms | ActiveRecord: 0.0ms)


Started POST "/posts" for ::1 at 2019-06-30 19:46:00 +0100
Processing by PostsController#create as HTML
  Parameters: {"utf8"=>"✓", "authenticity_token"=>"F1gMpDsttvqaAQ7g16iuWZ4wDKsT5XwGz74Os4/Zeit2rSJ1x53DmqtCI0rk/Z3lUHVY4Gy7ikMDOeCHZWJW6Q==", "title"=>"title", "description"=>"desc", "commit"=>"Submit Post"}
  [1m[35m (0.1ms)[0m  [1m[36mbegin transaction[0m
  [1m[35mSQL (0.6ms)[0m  [1m[32mINSERT INTO "posts" ("title", "description", "created_at", "updated_at") VALUES (?, ?, ?, ?)[0m  [["title", "title"], ["description", "desc"], ["created_at", "2019-06-30 18:46:00.758119"], ["updated_at", "2019-06-30 18:46:00.758119"]]
  [1m[35m (1.8ms)[0m  [1m[36mcommit transaction[0m
No template found for PostsController#create, rendering head :no_content
Completed 204 No Content in 51ms (ActiveRecord: 2.5ms)


Started GET "/posts" for ::1 at 2019-06-30 19:46:21 +0100
Processing by PostsController#index as HTML
  Rendering posts/index.html.erb within layouts/application
  [1m[36mPost Load (0.3ms)[0m  [1m[34mSELECT "posts".* FROM "posts"[0m
  Rendered posts/index.html.erb within layouts/application (1.9ms)
Completed 200 OK in 44ms (Views: 41.1ms | ActiveRecord: 0.3ms)


Started GET "/posts/new" for ::1 at 2019-06-30 19:46:33 +0100
Processing by PostsController#new as HTML
  Rendering posts/new.html.erb within layouts/application
  Rendered posts/new.html.erb within layouts/application (1.3ms)
Completed 200 OK in 31ms (Views: 29.1ms | ActiveRecord: 0.0ms)


Started POST "/posts" for ::1 at 2019-06-30 19:46:56 +0100
Processing by PostsController#create as HTML
  Parameters: {"utf8"=>"✓", "authenticity_token"=>"9H29LIzS/4qk7w6rYQB1zJwQ616nH/iH8c4F/zKniPyViJP9cGKK6pWsIwFSVUZwUlW/FdhBDsI9SevL2BykPg==", "title"=>"new", "description"=>"new", "commit"=>"Submit Post"}
  [1m[35m (0.1ms)[0m  [1m[36mbegin transaction[0m
  [1m[35mSQL (0.8ms)[0m  [1m[32mINSERT INTO "posts" ("title", "description", "created_at", "updated_at") VALUES (?, ?, ?, ?)[0m  [["title", "new"], ["description", "new"], ["created_at", "2019-06-30 18:46:56.131255"], ["updated_at", "2019-06-30 18:46:56.131255"]]
  [1m[35m (2.3ms)[0m  [1m[36mcommit transaction[0m
No template found for PostsController#create, rendering head :no_content
Completed 204 No Content in 57ms (ActiveRecord: 3.2ms)


Started GET "/posts/new" for ::1 at 2019-06-30 19:50:46 +0100
  [1m[36mActiveRecord::SchemaMigration Load (0.2ms)[0m  [1m[34mSELECT "schema_migrations".* FROM "schema_migrations"[0m
Processing by PostsController#new as HTML
  Rendering posts/new.html.erb within layouts/application
  Rendered posts/new.html.erb within layouts/application (6.1ms)
Completed 200 OK in 350ms (Views: 327.7ms | ActiveRecord: 1.3ms)


Started POST "/posts" for ::1 at 2019-06-30 19:50:52 +0100
Processing by PostsController#create as HTML
  Parameters: {"utf8"=>"✓", "authenticity_token"=>"I39OCATJ740ykE44HfL7fW972gUZZX8zSCYSLOSM8MVCimDZ+Hma7QPTY5Iup8jBoT6OTmY7iXaEofwYDjfcBw==", "title"=>"new title", "description"=>"new ddssdf", "commit"=>"Submit Post"}
  [1m[35m (0.1ms)[0m  [1m[36mbegin transaction[0m
  [1m[35mSQL (0.8ms)[0m  [1m[32mINSERT INTO "posts" ("title", "description", "created_at", "updated_at") VALUES (?, ?, ?, ?)[0m  [["title", "new title"], ["description", "new ddssdf"], ["created_at", "2019-06-30 18:50:52.816075"], ["updated_at", "2019-06-30 18:50:52.816075"]]
  [1m[35m (2.5ms)[0m  [1m[36mcommit transaction[0m
Completed 500 Internal Server Error in 25ms (ActiveRecord: 3.4ms)


  
NoMethodError (undefined method `post_path' for #<PostsController:0x00007fae0e59df30>
Did you mean?  posts_path):
  
app/controllers/posts_controller.rb:19:in `create'
  Rendering /Users/amyquinn/.rvm/gems/ruby-2.6.1/gems/actionpack-5.0.7.2/lib/action_dispatch/middleware/templates/rescues/diagnostics.html.erb within rescues/layout
  Rendering /Users/amyquinn/.rvm/gems/ruby-2.6.1/gems/actionpack-5.0.7.2/lib/action_dispatch/middleware/templates/rescues/_source.html.erb
  Rendered /Users/amyquinn/.rvm/gems/ruby-2.6.1/gems/actionpack-5.0.7.2/lib/action_dispatch/middleware/templates/rescues/_source.html.erb (3.3ms)
  Rendering /Users/amyquinn/.rvm/gems/ruby-2.6.1/gems/actionpack-5.0.7.2/lib/action_dispatch/middleware/templates/rescues/_trace.html.erb
  Rendered /Users/amyquinn/.rvm/gems/ruby-2.6.1/gems/actionpack-5.0.7.2/lib/action_dispatch/middleware/templates/rescues/_trace.html.erb (1.8ms)
  Rendering /Users/amyquinn/.rvm/gems/ruby-2.6.1/gems/actionpack-5.0.7.2/lib/action_dispatch/middleware/templates/rescues/_request_and_response.html.erb
  Rendered /Users/amyquinn/.rvm/gems/ruby-2.6.1/gems/actionpack-5.0.7.2/lib/action_dispatch/middleware/templates/rescues/_request_and_response.html.erb (2.7ms)
  Rendered /Users/amyquinn/.rvm/gems/ruby-2.6.1/gems/actionpack-5.0.7.2/lib/action_dispatch/middleware/templates/rescues/diagnostics.html.erb within rescues/layout (54.2ms)
Started GET "/posts" for ::1 at 2019-06-30 19:51:28 +0100
Processing by PostsController#index as HTML
  Rendering posts/index.html.erb within layouts/application
  [1m[36mPost Load (0.7ms)[0m  [1m[34mSELECT "posts".* FROM "posts"[0m
  Rendered posts/index.html.erb within layouts/application (13.6ms)
Completed 200 OK in 51ms (Views: 39.9ms | ActiveRecord: 2.3ms)


Started GET "/posts/new" for ::1 at 2019-06-30 19:51:31 +0100
Processing by PostsController#new as HTML
  Rendering posts/new.html.erb within layouts/application
  Rendered posts/new.html.erb within layouts/application (1.8ms)
Completed 200 OK in 35ms (Views: 32.9ms | ActiveRecord: 0.0ms)


Started POST "/posts" for ::1 at 2019-06-30 19:51:34 +0100
Processing by PostsController#create as HTML
  Parameters: {"utf8"=>"✓", "authenticity_token"=>"XC3MA4eSJtCnhEJ9Rke5rgn7NSjaCvw45UZGfJq4J0c92OLSeyJTsJbHb9d1EooSx75hY6VUCn0pwahIcAMLhQ==", "title"=>"new", "description"=>"new", "commit"=>"Submit Post"}
  [1m[35m (0.1ms)[0m  [1m[36mbegin transaction[0m
  [1m[35mSQL (1.1ms)[0m  [1m[32mINSERT INTO "posts" ("title", "description", "created_at", "updated_at") VALUES (?, ?, ?, ?)[0m  [["title", "new"], ["description", "new"], ["created_at", "2019-06-30 18:51:34.637952"], ["updated_at", "2019-06-30 18:51:34.637952"]]
  [1m[35m (10.5ms)[0m  [1m[36mcommit transaction[0m
Redirected to http://localhost:3000/posts.7
Completed 302 Found in 18ms (ActiveRecord: 11.6ms)


Started GET "/posts.7" for ::1 at 2019-06-30 19:51:34 +0100
Processing by PostsController#index as 
  Rendering posts/index.html.erb within layouts/application
  [1m[36mPost Load (0.3ms)[0m  [1m[34mSELECT "posts".* FROM "posts"[0m
  Rendered posts/index.html.erb within layouts/application (2.0ms)
Completed 200 OK in 84ms (Views: 68.8ms | ActiveRecord: 0.3ms)


